\BOOKMARK [1][-]{section*.2}{\376\377\144\130\211\201}{}% 1
\BOOKMARK [1][-]{section*.3}{\376\377\000A\000b\000s\000t\000r\000a\000c\000t}{}% 2
\BOOKMARK [1][-]{section.1}{\376\377\213\376\230\230\151\202\217\360}{}% 3
\BOOKMARK [2][-]{subsection.1.1}{\376\377\202\261\123\111\213\306\122\053\166\204\166\356\166\204\124\214\141\017\116\111}{section.1}% 4
\BOOKMARK [2][-]{subsection.1.2}{\376\377\202\261\123\111\213\306\122\053\166\204\123\321\134\125\163\260\162\266}{section.1}% 5
\BOOKMARK [2][-]{subsection.1.3}{\376\377\202\261\123\111\213\306\122\053\166\204\226\276\160\271}{section.1}% 6
\BOOKMARK [2][-]{subsection.1.4}{\376\377\225\356\230\230\143\317\217\360}{section.1}% 7
\BOOKMARK [1][-]{section.2}{\376\377\173\227\154\325\122\006\147\220}{}% 8
\BOOKMARK [2][-]{subsection.2.1}{\376\377\227\000\154\102\122\006\147\220}{section.2}% 9
\BOOKMARK [3][-]{subsubsection.2.1.1}{\376\377\133\214\142\020\166\356\150\007}{subsection.2.1}% 10
\BOOKMARK [3][-]{subsubsection.2.1.2}{\376\377\145\160\143\156\147\145\156\220}{subsection.2.1}% 11
\BOOKMARK [3][-]{subsubsection.2.1.3}{\376\377\217\157\116\366\227\000\154\102}{subsection.2.1}% 12
\BOOKMARK [2][-]{subsection.2.2}{\376\377\170\024\172\166\145\271\150\110\213\276\213\241}{section.2}% 13
\BOOKMARK [2][-]{subsection.2.3}{\376\377\126\376\120\317\122\006\122\162}{section.2}% 14
\BOOKMARK [3][-]{subsubsection.2.3.1}{\376\377\127\372\116\216\000H\000S\000V\162\171\137\201\166\204\126\376\120\317\122\006\122\162\145\271\154\325}{subsection.2.3}% 15
\BOOKMARK [3][-]{subsubsection.2.3.2}{\376\377\127\372\116\216\000O\000T\000S\000U\166\204\230\234\202\162\122\006\122\162}{subsection.2.3}% 16
\BOOKMARK [2][-]{subsection.2.4}{\376\377\162\171\137\201\143\320\123\326}{section.2}% 17
\BOOKMARK [3][-]{subsubsection.2.4.1}{\376\377\127\372\116\216\211\306\211\311\213\315\154\107\166\204\162\171\137\201\143\320\123\326}{subsection.2.4}% 18
\BOOKMARK [3][-]{subsubsection.2.4.2}{\376\377\127\372\116\216\207\215\124\010\162\171\137\201\143\317\217\360\133\120\166\204\162\171\137\201\143\320\123\326}{subsection.2.4}% 19
\BOOKMARK [3][-]{subsubsection.2.4.3}{\376\377\127\372\116\216\172\000\165\217\177\026\170\001\166\204\000S\000I\000F\000T\162\171\137\201}{subsection.2.4}% 20
\BOOKMARK [3][-]{subsubsection.2.4.4}{\376\377\127\372\116\216\122\006\122\162\166\204\122\006\137\142\176\271\164\006\122\006\147\220}{subsection.2.4}% 21
\BOOKMARK [2][-]{subsection.2.5}{\376\377\147\072\126\150\133\146\116\140\122\006\174\173\173\227\154\325}{section.2}% 22
\BOOKMARK [3][-]{subsubsection.2.5.1}{\376\377\145\057\143\001\124\021\221\317\147\072}{subsection.2.5}% 23
\BOOKMARK [3][-]{subsubsection.2.5.2}{\376\377\226\217\147\072\150\356\147\227}{subsection.2.5}% 24
\BOOKMARK [3][-]{subsubsection.2.5.3}{\376\377\147\201\226\120\133\146\116\140\147\072}{subsection.2.5}% 25
\BOOKMARK [2][-]{subsection.2.6}{\376\377\155\361\136\246\171\136\176\317\177\121\176\334}{section.2}% 26
\BOOKMARK [3][-]{subsubsection.2.6.1}{\376\377\123\167\171\357\171\136\176\317\177\121\176\334\151\202\217\360}{subsection.2.6}% 27
\BOOKMARK [3][-]{subsubsection.2.6.2}{\376\377\123\167\171\357\171\136\176\317\177\121\176\334\166\204\123\315\124\021\117\040\144\255\217\307\172\013}{subsection.2.6}% 28
\BOOKMARK [3][-]{subsubsection.2.6.3}{\376\377\136\070\165\050\166\204\123\167\171\357\171\136\176\317\177\121\176\334}{subsection.2.6}% 29
\BOOKMARK [3][-]{subsubsection.2.6.4}{\376\377\000S\000n\000a\000p\000s\000h\000o\000t\000\040\000E\000n\000s\000e\000m\000b\000l\000e\000s}{subsection.2.6}% 30
\BOOKMARK [1][-]{section.3}{\376\377\133\236\232\214\174\373\176\337\213\276\213\241}{}% 31
\BOOKMARK [2][-]{subsection.3.1}{\376\377\140\073\117\123\173\227\154\325\155\101\172\013\126\376}{section.3}% 32
\BOOKMARK [2][-]{subsection.3.2}{\376\377\145\271\150\110\116\000\377\032\127\372\116\216\211\306\211\311\213\315\154\107\166\204\202\261\123\111\213\306\122\053\145\271\154\325}{section.3}% 33
\BOOKMARK [3][-]{subsubsection.3.2.1}{\376\377\173\227\154\325\155\101\172\013}{subsection.3.2}% 34
\BOOKMARK [3][-]{subsubsection.3.2.2}{\376\377\172\013\136\217\152\041\127\127\213\364\146\016}{subsection.3.2}% 35
\BOOKMARK [2][-]{subsection.3.3}{\376\377\145\271\150\110\116\214\377\032\127\372\116\216\207\215\124\010\162\171\137\201\143\317\217\360\133\120\166\204\202\261\123\111\213\306\122\053\145\271\154\325}{section.3}% 36
\BOOKMARK [3][-]{subsubsection.3.3.1}{\376\377\173\227\154\325\155\101\172\013}{subsection.3.3}% 37
\BOOKMARK [3][-]{subsubsection.3.3.2}{\376\377\172\013\136\217\152\041\127\127\213\364\146\016}{subsection.3.3}% 38
\BOOKMARK [2][-]{subsection.3.4}{\376\377\145\271\150\110\116\011\377\032\127\372\116\216\000S\000p\000a\000r\000s\000e\000-\000S\000I\000F\000T\166\204\202\261\123\111\213\306\122\053\145\271\154\325}{section.3}% 39
\BOOKMARK [3][-]{subsubsection.3.4.1}{\376\377\173\227\154\325\155\101\172\013}{subsection.3.4}% 40
\BOOKMARK [3][-]{subsubsection.3.4.2}{\376\377\172\013\136\217\152\041\127\127\213\364\146\016}{subsection.3.4}% 41
\BOOKMARK [2][-]{subsection.3.5}{\376\377\145\271\150\110\126\333\377\032\127\372\116\216\000S\000F\000T\000A\166\204\202\261\123\111\213\306\122\053\145\271\154\325}{section.3}% 42
\BOOKMARK [3][-]{subsubsection.3.5.1}{\376\377\173\227\154\325\155\101\172\013}{subsection.3.5}% 43
\BOOKMARK [3][-]{subsubsection.3.5.2}{\376\377\172\013\136\217\152\041\127\127\213\364\146\016}{subsection.3.5}% 44
\BOOKMARK [2][-]{subsection.3.6}{\376\377\145\271\150\110\116\224\377\032\127\372\116\216\123\167\171\357\171\136\176\317\177\121\176\334\166\204\202\261\123\111\213\306\122\053\145\271\154\325}{section.3}% 45
\BOOKMARK [2][-]{subsection.3.7}{\376\377\145\271\150\110\121\155\377\032\127\372\116\216\217\301\171\373\133\146\116\140\166\204\123\167\171\357\171\136\176\317\177\121\176\334\166\204\202\261\123\111\213\306\122\053\145\271\154\325}{section.3}% 46
\BOOKMARK [2][-]{subsection.3.8}{\376\377\145\271\150\110\116\003\377\032\127\372\116\216\121\150\123\167\171\357\171\136\176\317\177\121\176\334\124\214\217\301\171\373\133\146\116\140\166\204\202\261\123\111\213\306\122\053\145\271\154\325}{section.3}% 47
\BOOKMARK [1][-]{section.4}{\376\377\133\236\232\214\176\323\147\234\122\006\147\220}{}% 48
\BOOKMARK [2][-]{subsection.4.1}{\376\377\126\376\162\107\133\236\232\214\171\072\117\213}{section.4}% 49
\BOOKMARK [3][-]{subsubsection.4.1.1}{\376\377\126\376\162\107\122\006\122\162\171\072\117\213}{subsection.4.1}% 50
\BOOKMARK [3][-]{subsubsection.4.1.2}{\376\377\126\376\162\107\213\306\122\053\171\072\117\213}{subsection.4.1}% 51
\BOOKMARK [2][-]{subsection.4.2}{\376\377\133\236\232\214\176\323\147\234\123\312\121\166\122\006\147\220}{section.4}% 52
\BOOKMARK [3][-]{subsubsection.4.2.1}{\376\377\127\372\116\216\142\113\122\250\162\171\137\201\143\320\123\326\166\204\202\261\123\111\213\306\122\053\145\271\154\325}{subsection.4.2}% 53
\BOOKMARK [3][-]{subsubsection.4.2.2}{\376\377\155\361\136\246\133\146\116\140\145\271\154\325}{subsection.4.2}% 54
\BOOKMARK [1][-]{section.5}{\376\377\140\073\176\323\116\016\134\125\147\033}{}% 55
\BOOKMARK [1][-]{section*.36}{\376\377\123\302\200\003\145\207\163\056}{}% 56
\BOOKMARK [1][-]{附录.1.A}{\376\377\226\104\137\125\000\040\210\145\121\105\166\204\126\376\120\317\131\004\164\006\167\345\213\306}{}% 57
\BOOKMARK [2][-]{subsection.1.A.1}{\376\377\000S\000I\000F\000T\162\171\137\201\143\320\123\326\173\227\133\120}{附录.1.A}% 58
\BOOKMARK [2][-]{subsection.1.A.2}{\376\377\000L\000B\000P\173\227\133\120}{附录.1.A}% 59
\BOOKMARK [2][-]{subsection.1.A.3}{\376\377\000C\000a\000n\000n\000y\173\227\133\120}{附录.1.A}% 60
\BOOKMARK [1][-]{附录.1.B}{\376\377\226\104\137\125\000\040\171\136\176\317\177\121\176\334\173\200\116\313}{}% 61
\BOOKMARK [2][-]{subsection.1.B.1}{\376\377\171\136\176\317\177\121\176\334\151\202\217\360}{附录.1.B}% 62
\BOOKMARK [2][-]{subsection.1.B.2}{\376\377\123\315\124\021\117\040\144\255\173\227\154\325}{附录.1.B}% 63
\BOOKMARK [1][-]{附录.1.C}{\376\377\226\104\137\125\000\040\116\343\170\001}{}% 64
\BOOKMARK [2][-]{subsection.1.C.1}{\376\377\145\207\116\366\131\071\377\032\000t\000e\000s\000t}{附录.1.C}% 65
\BOOKMARK [2][-]{subsection.1.C.2}{\376\377\145\207\116\366\131\071\377\032\000f\000s\000v\000m}{附录.1.C}% 66
\BOOKMARK [2][-]{subsection.1.C.3}{\376\377\145\207\116\366\131\071\377\032\000f\000S\000V\000M\000o\000R\000F}{附录.1.C}% 67
\BOOKMARK [2][-]{subsection.1.C.4}{\376\377\145\207\116\366\131\071\377\032\000f\000R\000e\000m\000o\000t\000e}{附录.1.C}% 68
